aaatus.com
actionshunter.com
ad.cantliee.com
ad.hungrrybaby.com
ad.imagodd.com
ad.maybebaybe.com
ad.raaidboss.com
ad.saynoforbubble.com
ad.sunofgodd.com
ad.tarhungangster.com
advertxshop.net
af.cantliee.com
af.hungrrybaby.com
af.imagodd.com
af.maybebaybe.com
af.raaidboss.com
af.saynoforbubble.com
af.sunofgodd.com
af.tarhungangster.com
am.boost-helper.com
an.boost-helper.com
an.gtrsqer.com
an.idriveboost.com
an.idrivecheck.com
an.idrivedownload.com
an.idrivedwn.com
an.idrivefinder.com
an.idriverrs.com
an.idriveupdate.com
an.service1boost.com
an.thecheckupdater.com
as.ayiyas.com
as.bithunterr.com
as.cantliee.com
as.chainnss.com
asd.errvghu.com
as.giveasees.com
as.havemosts.com
as.hungrrybaby.com
as.imagodd.com
as.lindasak.com
as.loockfinderrs.com
as.maybebaybe.com
as.mountasd.com
as.puckhunterrr.com
as.raidbossa.com
as.rapirasa.com
as.saynoforbubble.com
as.serviceboosterr.com
as.servicemount.com
as.serviceupdatter.com
as.servicewikii.com
as.shabihere.com
as.sibalsakie.com
as.sunofgodd.com
as.tarhungangster.com
as.tiancaii.com
as.voiddas.com
avrenew.com
ayechecker.com
ayiyas.com
az.backupslive.com
az.checksservice.com
az.ibackupboost.com
az.ibackupupdate.com
az.ibackupview.com
az.nashelper.com
az.nasupdater.com
backup1helper.com
backup1master.com
backup1nas.com
backup1service.com
backup1services.com
backuphel.com
backup-helper.com
backup-leader.com
backupmaster-service.com
backupmasterservice.com
backupmastter.com
backupnas1.com
backups1helper.com
backup-simple.com
backupslive.com
bakcup-checker.com
bakcup-monster.com
best-backup.com
best-nas.com
bestservicehelper.com
besttus.com
bigjamg.xyz
bigsquid42.com
bigtus.com
biliyilish.com
bithunterr.com
blackhoall.com
bn.chekingking.com
bn.jonsonsbabyy.com
bn.loxliver.com
bn.martahzz.com
bn.realgamess.com
bn.servicegungster.com
bn.wondergodst.com
bn.zetrexx.com
bn.zhameharden.com
boost-helper.com
boostsecuritys.com
boost-servicess.com
boost-yourservice.com
boostyourservice.com
bouths.com
brainschampions.com
bugsbunnyy.com
bukaguka.com
bunp-me.com
bunp-my.com
bv.backup1services.com
bv.backupmaster-service.com
bv.backupmasterservice.com
bv.simple-backupbooster.com
bv.top3-services.com
bv.topbackup-helper.com
bv.topbackupintheworld.com
bv.topservicebooster.com
bv.topservice-masters.com
cantliee.com
caonimas.com
catsofunitedstates.com
ca.updsql.me
chainnss.com
chalengges.com
cheapshhot.com
check1domains.com
check4list.com
checkdomainsss.com
checkhunterr.com
checksservice.com
checktodrivers.com
checkwinupdate.com
chekingking.com
ciscocheckapi.com
cleardefencewin.com
cm.driversupd.com
cmdupdatewin.com
cm.dwndrivers.com
cm.ncedrive.com
cntrhum.xyz
comssite.com
conhostservice.com
countryisbeautiful.com
cstr1.com
cstr2.com
cstr3.com
cstr4.com
cstr5.com
cv.backuphel.com
cv.bugsbunnyy.com
cv.driver-boost.com
cv.driversna.com
cv.mixunderax.com
cv.qascker.com
cv.sweetmonsterr.com
cv.wodemayaa.com
cylenceprotect.com
daggerclip.com
dc.backupslive.com
dc.checksservice.com
dc.ibackupboost.com
dc.ibackupupdate.com
dc.ibackupview.com
dc.nashelper.com
dc.nasupdater.com
debug-service.com
defenswin.com
developmasters.com
df.backuphel.com
df.bugsbunnyy.com
df.driver-boost.com
df.driversna.com
df.findsinc.com
df.mixunderax.com
df.qascker.com
df.sweetmonsterr.com
df.wodemayaa.com
domainerrs.com
domnasemg.com
dotmaingame.com
driver1downloads.com
driver1master.com
driver1updater.com
driver-boost.com
driver-boosters.com
driverdwl.com
driverjumper.com
driversna.com
driversupd.com
driver-upd.com
dwndrivers.com
easytus.com
eighteenthservicehelper.com
eighthservicehelper.com
eighthserviceupdater.com
eithtservice-developer.com
elephantdrrive.com
eleventhservicehelper.com
eleventhserviceupdater.com
er.backuphel.com
er.bugsbunnyy.com
er.driver-boost.com
er.driversna.com
er.mixunderax.com
er.qascker.com
er.run-tcp.com
er.run-tcp.info
er.run-tcp.me
er.run-tcp.net
errvghu.com
er.service-update.net
er.sweetmonsterr.com
er.wodemayaa.com
explorer64.link
fastbloodhunter.com
fg.cheapshhot.com
fg.gungameon.com
fg.gunsdrag.com
fg.hybriqdjs.com
fg.luckyhunterrs.com
fg.quwasd.com
fg.remotessa.com
fg.secondlivve.com
fg.sobcase.com
fg.unlockwsa.com
fh.livehealths.com
fifteenthservicehelper.com
fifthservice-developer.com
fifthservicehelper.com
fifthserviceupdater.com
find1service.com
findsinc.com
findtus.com
firstservice-developer.com
firstserviceupdater.com
firstservisehelper.com
firsttus.com
fourservicehelper.com
fourteenthservicehelper.com
fourthservice-developer.com
fourthserviceupdater.com
freeallsafe.com
freedubcs.com
freeoldsafe.com
ga.biliyilish.com
ga.kungfupandasa.com
gameleaderr.com
getinformationss.com
gf.backup1services.com
gf.backupmaster-service.com
gf.backupmasterservice.com
gf.findsinc.com
gf.simple-backupbooster.com
gf.top3-services.com
gf.topbackup-helper.com
gf.topbackupintheworld.com
gf.topservicebooster.com
gf.topservice-masters.com
gg.updsql.me
gh.chekingking.com
gh.jonsonsbabyy.com
gh.loxliver.com
gh.martahzz.com
gh.realgamess.com
gh.servicegungster.com
gh.wondergodst.com
gh.zetrexx.com
gh.zhameharden.com
giveasees.com
godofservice.com
goingtorespond.com
gooddjobb.com
greattus.com
gtrsqer.com
gungameon.com
gunsdrag.com
ha.blackhoall.com
hakunaman.com
hakunamatatata.com
harddagger.com
havemosts.com
havesetup.net
hb.iupdaters.com
helpforyourservice.com
hf.livehealths.com
hg.backups1helper.com
hg.driver1downloads.com
hg.driver-boosters.com
hg.driverjumper.com
hg.imasterupdate.com
hg.it1booster.com
hg.itopupdater.com
hg.service1update.com
hg.service1view.com
hg.service-hel.com
hg.servicehel.com
hg.servicereader.com
hg.top3servicebooster.com
hg.view-backup.com
hs.bouths.com
hungrrybaby.com
huntersservice.com
hurrypotter.com
hybriqdjs.com
ibackupboost.com
ibackupupdate.com
ibackupview.com
idriveboost.com
idrivecheck.com
idrivedownload.com
idrivedwn.com
idrivefinder.com
idrivehepler.com
idriverrs.com
idriveupdate.com
idriveview.com
iexploreservice.com
imagodd.com
imasterupdate.com
info-develop.com
it1booster.com
itopupdater.com
iupdaters.com
jh.best-backup.com
jh.best-nas.com
jh.bestservicehelper.com
jh.top-backuphelper.com
jh.top-backupservice.com
jomamba.best
jonsonsbabyy.com
kl.gtrsqer.com
kungfupandasa.com
labelcs.com
lindasak.com
livecheckpointsrs.com
livehealths.com
livetus.com
loockfinderrs.com
loxliver.com
lsassupdate.com
lsasswininfo.com
luckyhunterrs.com
mainheelper.com
mainhelperrs.com
martahzz.com
masterdogg.com
maybebaybe.com
microsoftupdateswin.com
mixcinc.com
mixunderax.com
mn.backup1helper.com
mn.backup1master.com
mn.backup-helper.com
mn.backup-leader.com
mn.backup-simple.com
mn.bakcup-checker.com
mn.bakcup-monster.com
mn.best-backup.com
mn.best-nas.com
mn.bestservicehelper.com
mn.boost-servicess.com
mn.boost-yourservice.com
mn.caonimas.com
mn.checktodrivers.com
mn.driver1master.com
mn.driver1updater.com
mn.driverdwl.com
mn.fastbloodhunter.com
mn.getinformationss.com
mn.harddagger.com
mn.idriveboost.com
mn.idrivecheck.com
mn.idrivedownload.com
mn.idrivedwn.com
mn.idrivefinder.com
mn.idrivehepler.com
mn..idriverrs.com
mn.idriveupdate.com
mn.nas-leader.com
mn.nas-simple-helper.com
mn.nomadfunclub.com
mn.razorses.com
mn.regbed.com
mn.service1updater.com
mn.service-checker.com
mn.service-leader.com
mn.serviceswork.net
mn.thecheckupdater.com
mn.top-backuphelper.com
mn.top-backupservice.com
mn.viewdrivers.com
mn.vnuret.com
mobile-homebank.com
monsterdevelops.com
moonshardd.com
mountasd.com
mv.check1domains.com
myservicebooster.com
myservicebooster.net
myserviceconnect.net
myserviceupdater.com
myyserviceupdater.com
nas-helper.com
nashelper.com
nas-leader.com
nasmasterservice.com
nasmastrservice.com
nas-simple-helper.com
nasupdater.com
nb.backups1helper.com
nb.driver1downloads.com
nb.driver-boosters.com
nb.driverjumper.com
nb.imasterupdate.com
nb.it1booster.com
nb.itopupdater.com
nb.service1update.com
nb.service1view.com
nb.service-hel.com
nb.servicehel.com
nb.servicereader.com
nb.top3servicebooster.com
nb.view-backup.com
ncedrive.com
newservicehelper.com
ng.iupdaters.com
nicknamec.com
nineteenthservicehelper.com
ninethservice-developer.com
ninethserviceupdater.com
ninthservicehelper.com
nj.errvghu.com
nm.backup1helper.com
nm.backup1master.com
nm.backup-helper.com
nm.backup-leader.com
nm.backup-simple.com
nm.bakcup-checker.com
nm.bakcup-monster.com
nm.boost-helper.com
nm.boost-servicess.com
nm.boost-yourservice.com
nm.checktodrivers.com
nm.driver1master.com
nm.driver1updater.com
nm.driverdwl.com
nm.idriveboost.com
nm.idrivecheck.com
nm.idrivedownload.com
nm.idrivedwn.com
nm.idrivefinder.com
nm.idriverrs.com
nm.idriveupdate.com
nm.nas-leader.com
nm.nas-simple-helper.com
nm.regbed.com
nm.service1boost.com
nm.service1updater.com
nm.service-checker.com
nm.service-leader.com
nm.serviceswork.net
nm.shabihere.com
nm.thecheckupdater.com
nm.viewdrivers.com
nm.vnuret.com
nod32clients.com
no.driversupd.com
no.dwndrivers.com
no.find1service.com
nomadfunclub.com
no.ncedrive.com
ns1.aaatus.com
ns1.avrenew.com
ns1.besttus.com
ns1.bigtus.com
ns1.checkwinupdate.com
ns1.ciscocheckapi.com
ns1.cleardefencewin.com
ns1.cmdupdatewin.com
ns1.comssite.com
ns1.cylenceprotect.com
ns1.defenswin.com
ns1.easytus.com
ns1.errvghu.com
ns1.findtus.com
ns1.firsttus.com
ns1.freeallsafe.com
ns1.freeoldsafe.com
ns1.greattus.com
ns1.gtrsqer.com
ns1.havesetup.net
ns1.iexploreservice.com
ns1.jomamba.best
ns1.livecheckpointsrs.com
ns1.livetus.com
ns1.lsassupdate.com
ns1.lsasswininfo.com
ns1.microsoftupdateswin.com
ns1.regbed.com
ns1.renovatesystem.com
ns1.sophosdefence.com
ns1.taskshedulewin.com
ns1.timesshifts.com
ns1.update-wind.com
ns1.updatewinlsass.com
ns1.update-wins.com
ns1.updatewinsoftr.com
ns1.vnuret.com
ns1.windefenceinfo.com
ns1.windefens.com
ns1.winsysteminfo.com
ns1.winsystemupdate.com
ns2.aaatus.com
ns2.avrenew.com
ns2.besttus.com
ns2.bigtus.com
ns2.checkwinupdate.com
ns2.ciscocheckapi.com
ns2.cleardefencewin.com
ns2.cmdupdatewin.com
ns2.comssite.com
ns2.cylenceprotect.com
ns2.defenswin.com
ns2.easytus.com
ns2.errvghu.com
ns2.findtus.com
ns2.firsttus.com
ns2.freeallsafe.com
ns2.freeoldsafe.com
ns2.greattus.com
ns2.gtrsqer.com
ns2.havesetup.net
ns2.iexploreservice.com
ns2.jomamba.best
ns2.livecheckpointsrs.com
ns2.livetus.com
ns2.lsassupdate.com
ns2.lsasswininfo.com
ns2.microsoftupdateswin.com
ns2.regbed.com
ns2.renovatesystem.com
ns2.sophosdefence.com
ns2.taskshedulewin.com
ns2.timesshifts.com
ns2.update-wind.com
ns2.updatewinlsass.com
ns2.update-wins.com
ns2.updatewinsoftr.com
ns2.vnuret.com
ns2.windefenceinfo.com
ns2.windefens.com
ns2.winsysteminfo.com
ns2.winsystemupdate.com
ns3.regbed.com
ns3.vnuret.com
nv.caonimas.com
nv.fastbloodhunter.com
nv.getinformationss.com
nv.harddagger.com
nv.moonshardd.com
nv.nomadfunclub.com
nv.razorses.com
nz.blackhoall.com
ohn.bouths.com
onlineplatvf.com
open1vpn.com
pdfreadmaster.com
pl.reginds.com
puckhunterrr.com
pudgeee.com
qascker.com
quwasd.com
qw.ayiyas.com
qw.bithunterr.com
qw.caonimas.com
qw.chainnss.com
qw.chalengges.com
qwe.check1domains.com
qwer.toyotacamryy.com
qw.fastbloodhunter.com
qw.getinformationss.com
qw.giveasees.com
qw.havemosts.com
qw.lindasak.com
qw.loockfinderrs.com
qw.mountasd.com
qw.nomadfunclub.com
qw.puckhunterrr.com
qw.raidbossa.com
qw.rapirasa.com
qw.razorses.com
qw.run-tcp.com
qw.run-tcp.info
qw.run-tcp.me
qw.run-tcp.net
qw.serviceboosterr.com
qw.servicemount.com
qw.service-update.net
qw.serviceupdatter.com
qw.servicewikii.com
qw.sibalsakie.com
qw.tiancaii.com
qw.voiddas.com
qy.kungfupandasa.com
raaidboss.com
raidbossa.com
raingamess.com
rapirasa.com
razorses.com
rd.kungfupandasa.com
rd.moonshardd.com
realgamess.com
regbed.com
reginds.com
remotessa.com
renovatesystem.com
re.updsql.me
rf.backup1helper.com
rf.backup1master.com
rf.boost-yourservice.com
rf.checktodrivers.com
rf.driver1master.com
rf.driver1updater.com
rf.driverdwl.com
rf.service1updater.com
rf.viewdrivers.com
rt.findsinc.com
rt.gungameon.com
rt.gunsdrag.com
rt.hybriqdjs.com
rt.luckyhunterrs.com
rt.quwasd.com
rt.remotessa.com
rt.secondlivve.com
rt.sobcase.com
rt.unlockwsa.com
rulemonster.com
run-tcp.com
run-tcp.info
run-tcp.me
run-tcp.net
sammeeme.com
saynoforbubble.com
scrservallinst.info
sd.backup1service.com
sd.elephantdrrive.com
sd.nasmastrservice.com
sd.service-hellper.com
secondlivve.com
secondservice-developer.com
secondservicehelper.com
secondserviceupdater.com
service1boost.com
service1update.com
service1updater.com
service1view.com
service-booster.com
service-boosterr.com
serviceboosterr.com
serviceboostnumberone.com
service-checker.com
servicecheckerr.com
servicedbooster.com
servicedhunter.com
servicedpower.com
servicedupdater.com
servicegungster.com
service-hel.com
servicehel.com
service-hellper.com
service-helpes.com
service-hunter.com
servicehunterr.com
service-leader.com
servicemonsterr.com
servicemount.com
servicemusthave.com
servicereader.com
servicesbooster.com
servicesbooster.org
servicesdelicate.com
servicesecurity.org
serviceshelpers.com
serviceshelps.com
servicesupdater.com
serviceswork.net
service-updateer.com
service-update.net
service-updater.com
serviceupdates.net
serviceupdatter.com
serviceuphelper.com
servicewikii.com
seventeenthservicehelper.com
seventhservice-developer.com
seventhservicehelper.com
seventhserviceupdater.com
sexycservice.com
sexyservicee.com
shabihere.com
shakershaker.com
sibalsakie.com
simple-backupbooster.com
sixteenthservicehelper.com
sixthservice-developer.com
sixthservicehelper.com
sixthserviceupdater.com
sm.shabihere.com
sobcase.com
sophosdefence.com
sunofgodd.com
sweetmonsterr.com
sx.backupslive.com
sx.checksservice.com
sx.ibackupboost.com
sx.ibackupupdate.com
sx.ibackupview.com
sx.nashelper.com
sx.nasupdater.com
target-support.online
tarhungangster.com
tasa.chalengges.com
taskshedulewin.com
tenthservice-developer.com
tenthservicehelper.com
tenthserviceupdater.com
te.toyotacamryy.com
thecheckupdater.com
thirdservice-developer.com
thirdservicehelper.com
thirdserviceupdater.com
thirteenthservicehelper.com
tiancaii.com
timesshifts.com
timetoemail.com
titlecs.com
top3servicebooster.com
top3-services.com
top-backuphelper.com
topbackup-helper.com
topbackupintheworld.com
top-backupservice.com
topsecurityservice.net
top-servicebooster.com
topservicebooster.com
topservicehelper.com
topservice-masters.com
topservicesbooster.com
topservicesecurity.com
topservicesecurity.net
topservicesecurity.org
topservicesupdate.com
topservicesupdates.com
top-serviceupdater.com
topserviceupdater.com
toyotacamryy.com
tr.backup1services.com
tr.backupmaster-service.com
tr.backupmasterservice.com
tr.simple-backupbooster.com
tr.top3-services.com
tr.topbackup-helper.com
tr.topbackupintheworld.com
tr.topservicebooster.com
tr.topservice-masters.com
tt.check1domains.com
tt.regbed.com
tt.serviceswork.net
tt.vnuret.com
tva.chalengges.com
twelfthservicehelper.com
twelvethserviceupdater.com
twentiethservicehelper.com
ty.chekingking.com
ty.jonsonsbabyy.com
ty.loxliver.com
ty.martahzz.com
ty.realgamess.com
ty.servicegungster.com
ty.toyotacamryy.com
ty.wondergodst.com
ty.zetrexx.com
ty.zhameharden.com
uhj.biliyilish.com
uj.errvghu.com
unlockwsa.com
un.reginds.com
updatemanagir.us
update-wind.com
updatewinlsass.com
update-wins.com
updatewinsoftr.com
updsql.me
uy.best-backup.com
uy.best-nas.com
uy.bestservicehelper.com
uy.top-backuphelper.com
uy.top-backupservice.com
vb.cheapshhot.com
vb.gungameon.com
vb.gunsdrag.com
vb.hybriqdjs.com
vb.luckyhunterrs.com
vb.quwasd.com
vb.remotessa.com
vb.secondlivve.com
vb.sobcase.com
vb.unlockwsa.com
view-backup.com
viewdrivers.com
vnuret.com
voiddas.com
we.backup1service.com
web-analysis.live
we.elephantdrrive.com
we.nasmastrservice.com
we.run-tcp.com
we.run-tcp.info
we.run-tcp.me
we.run-tcp.net
we.service-hellper.com
we.service-update.net
whoissme.com
win10.live
windefenceinfo.com
windefens.com
windows10.live
winsysteminfo.com
winsystemupdate.com
wodeairenn.com
wodemayaa.com
wondergodst.com
worldtus.com
ws.backup-helper.com
ws.backup-leader.com
ws.backup-simple.com
ws.bakcup-checker.com
ws.bakcup-monster.com
ws.boost-servicess.com
ws.driversupd.com
ws.dwndrivers.com
ws.find1service.com
ws.nas-leader.com
ws.nas-simple-helper.com
ws.ncedrive.com
ws.service-checker.com
ws.service-leader.com
xc.backup1service.com
xc.elephantdrrive.com
xc.nasmastrservice.com
xc.service-hellper.com
yn.bouths.com
yn.gtrsqer.com
yourserviceupdater.com
yoursuperservice.com
yq.biliyilish.com
yqs.blackhoall.com
ys.reginds.com
yt.backups1helper.com
yt.driver1downloads.com
yt.driver-boosters.com
yt.driverjumper.com
yt.imasterupdate.com
yt.it1booster.com
yt.itopupdater.com
yt.iupdaters.com
yt.service1update.com
yt.service1view.com
yt.service-hel.com
yt.servicehel.com
yt.servicereader.com
yt.top3servicebooster.com
yt.view-backup.com
zapored.com
zetrexx.com
zhameharden.com
zx.ayiyas.com
zx.bithunterr.com
zx.chainnss.com
zx.giveasees.com
zx.havemosts.com
zx.lindasak.com
zx.loockfinderrs.com
zx.mountasd.com
zx.puckhunterrr.com
zx.raidbossa.com
zx.rapirasa.com
zx.serviceboosterr.com
zx.servicemount.com
zx.serviceupdatter.com
zx.servicewikii.com
zx.sibalsakie.com
zx.tiancaii.com
zx.voiddas.com
